#
# A fatal error has been detected by the Java Runtime Environment:
#
#  EXCEPTION_ACCESS_VIOLATION (0xc0000005) at pc=0x000000006926b5c0, pid=1228, tid=9052
#
# JRE version: Java(TM) SE Runtime Environment (8.0_60-b27) (build 1.8.0_60-b27)
# Java VM: Java HotSpot(TM) 64-Bit Server VM (25.60-b23 mixed mode windows-amd64 compressed oops)
# Problematic frame:
# C  [atio6axx.dll+0x23b5c0]
#
# Failed to write core dump. Minidumps are not enabled by default on client versions of Windows
#
# If you would like to submit a bug report, please visit:
#   http://bugreport.java.com/bugreport/crash.jsp
# The crash happened outside the Java Virtual Machine in native code.
# See problematic frame for where to report the bug.
#

---------------  T H R E A D  ---------------

Current thread (0x0000000002671000):  JavaThread "main" [_thread_in_native, id=9052, stack(0x0000000002570000,0x0000000002670000)]

siginfo: ExceptionCode=0xc0000005, reading address 0x0000000000000000

Registers:
RAX=0x0000000000000000, RBX=0x000000001d13d000, RCX=0x000000001d13d000, RDX=0x0000000000000000
RSP=0x000000000266e9b0, RBP=0x0000000000000898, RSI=0x0000000000000010, RDI=0x0000000000000010
R8 =0x000000001d13d040, R9 =0x000000001d13d039, R10=0x000000000001d000, R11=0x000000000266ed90
R12=0x0000000000000001, R13=0x0000000000000019, R14=0x000000006a7fd0c0, R15=0x0000000000000040
RIP=0x000000006926b5c0, EFLAGS=0x0000000000010293

Top of Stack: (sp=0x000000000266e9b0)
0x000000000266e9b0:   0000000000000040 000000000001d000
0x000000000266e9c0:   0000000000000004 0000000000000898
0x000000000266e9d0:   0000000000000000 000000001921fd20
0x000000000266e9e0:   0000000000000001 000000006a3fbafb
0x000000000266e9f0:   0000000000000004 0000000000000018
0x000000000266ea00:   0000000000000008 0000000069ba0000
0x000000000266ea10:   000000000003fc00 0000000000000000
0x000000000266ea20:   00000000181db8a0 00000000181273d0
0x000000000266ea30:   0000000000000030 00000000181c8870
0x000000000266ea40:   000000001b545500 000000006a3fbafb
0x000000000266ea50:   0000000000000000 0000000000000030
0x000000000266ea60:   0000000000000040 0000000000000000
0x000000000266ea70:   0000000000000008 0000000069ba32de
0x000000000266ea80:   0000000000000000 00000000181c8870
0x000000000266ea90:   00000000181273d0 00000000181d0000
0x000000000266eaa0:   000000001b6cfc60 0000000069923c94 

Instructions: (pc=0x000000006926b5c0)
0x000000006926b5a0:   70 45 8b c7 48 8b cb 4c 03 c3 4d 8d 48 f9 49 3b
0x000000006926b5b0:   d9 73 21 66 66 66 66 66 0f 1f 84 00 00 00 00 00
0x000000006926b5c0:   48 8b 02 48 83 c1 08 48 83 c2 08 48 89 41 f8 49
0x000000006926b5d0:   3b c9 72 ec 4d 8d 48 fd 49 3b c9 73 15 0f 1f 00 


Register to memory mapping:

RAX=0x0000000000000000 is an unknown value
RBX=0x000000001d13d000 is an unknown value
RCX=0x000000001d13d000 is an unknown value
RDX=0x0000000000000000 is an unknown value
RSP=0x000000000266e9b0 is pointing into the stack for thread: 0x0000000002671000
RBP=0x0000000000000898 is an unknown value
RSI=0x0000000000000010 is an unknown value
RDI=0x0000000000000010 is an unknown value
R8 =0x000000001d13d040 is an unknown value
R9 =0x000000001d13d039 is an unknown value
R10=0x000000000001d000 is an unknown value
R11=0x000000000266ed90 is pointing into the stack for thread: 0x0000000002671000
R12=0x0000000000000001 is an unknown value
R13=0x0000000000000019 is an unknown value
R14=0x000000006a7fd0c0 is an unknown value
R15=0x0000000000000040 is an unknown value


Stack: [0x0000000002570000,0x0000000002670000],  sp=0x000000000266e9b0,  free space=1018k
Native frames: (J=compiled Java code, j=interpreted, Vv=VM code, C=native code)
C  [atio6axx.dll+0x23b5c0]
C  [atio6axx.dll+0x2388e1]
C  [atio6axx.dll+0x1c5425]
C  [atio6axx.dll+0x1c2dcb]
C  [atio6axx.dll+0x435abf]
C  0x0000000002785874

Java frames: (J=compiled Java code, j=interpreted, Vv=VM code)
j  org.lwjgl.opengl.GL11.nglDrawElementsBO(IIIJJ)V+0
j  org.lwjgl.opengl.GL11.glDrawElements(IIIJ)V+28
j  renderEngine.Renderer.render(Lmodels/TexturedModel;)V+47
j  engineTester.MainGameLoop.main([Ljava/lang/String;)V+215
v  ~StubRoutines::call_stub

---------------  P R O C E S S  ---------------

Java Threads: ( => current thread )
  0x0000000014d3e000 JavaThread "Service Thread" daemon [_thread_blocked, id=4924, stack(0x0000000016a20000,0x0000000016b20000)]
  0x0000000014ce7000 JavaThread "C1 CompilerThread2" daemon [_thread_blocked, id=8896, stack(0x0000000016520000,0x0000000016620000)]
  0x0000000014ce0800 JavaThread "C2 CompilerThread1" daemon [_thread_blocked, id=6608, stack(0x0000000016420000,0x0000000016520000)]
  0x0000000014cde000 JavaThread "C2 CompilerThread0" daemon [_thread_blocked, id=1736, stack(0x0000000016320000,0x0000000016420000)]
  0x0000000014cdd000 JavaThread "Attach Listener" daemon [_thread_blocked, id=1756, stack(0x0000000016220000,0x0000000016320000)]
  0x0000000014cdc000 JavaThread "Signal Dispatcher" daemon [_thread_blocked, id=7512, stack(0x0000000016120000,0x0000000016220000)]
  0x0000000002768800 JavaThread "Finalizer" daemon [_thread_blocked, id=6784, stack(0x0000000015f30000,0x0000000016030000)]
  0x0000000014ca8800 JavaThread "Reference Handler" daemon [_thread_blocked, id=8504, stack(0x0000000015e30000,0x0000000015f30000)]
=>0x0000000002671000 JavaThread "main" [_thread_in_native, id=9052, stack(0x0000000002570000,0x0000000002670000)]

Other Threads:
  0x0000000014ca6800 VMThread [stack: 0x0000000015d30000,0x0000000015e30000] [id=10792]
  0x000000001666a800 WatcherThread [stack: 0x0000000016b20000,0x0000000016c20000] [id=1200]

VM state:not at safepoint (normal execution)

VM Mutex/Monitor currently owned by a thread: None

Heap:
 PSYoungGen      total 18432K, used 6442K [0x00000000eb700000, 0x00000000ecb80000, 0x0000000100000000)
  eden space 15872K, 40% used [0x00000000eb700000,0x00000000ebd4abf0,0x00000000ec680000)
  from space 2560K, 0% used [0x00000000ec900000,0x00000000ec900000,0x00000000ecb80000)
  to   space 2560K, 0% used [0x00000000ec680000,0x00000000ec680000,0x00000000ec900000)
 ParOldGen       total 42496K, used 0K [0x00000000c2400000, 0x00000000c4d80000, 0x00000000eb700000)
  object space 42496K, 0% used [0x00000000c2400000,0x00000000c2400000,0x00000000c4d80000)
 Metaspace       used 5133K, capacity 5795K, committed 5888K, reserved 1056768K
  class space    used 487K, capacity 496K, committed 512K, reserved 1048576K

Card table byte_map: [0x0000000011b30000,0x0000000011d20000] byte_map_base: 0x000000001151e000

Marking Bits: (ParMarkBitMap*) 0x0000000056afa5b0
 Begin Bits: [0x0000000012270000, 0x00000000131e0000)
 End Bits:   [0x00000000131e0000, 0x0000000014150000)

Polling page: 0x0000000000c70000

CodeCache: size=245760Kb used=1700Kb max_used=1705Kb free=244059Kb
 bounds [0x0000000002770000, 0x00000000029e0000, 0x0000000011770000]
 total_blobs=673 nmethods=291 adapters=296
 compilation: enabled

Compilation events (10 events):
Event: 1.028 Thread 0x0000000014cde000  287       4       java.nio.Buffer::position (43 bytes)
Event: 1.028 Thread 0x0000000014ce0800  288 %     4       org.newdawn.slick.opengl.PNGDecoder::unfilterUp @ 12 (38 bytes)
Event: 1.028 Thread 0x0000000014cde000 nmethod 287 0x0000000002911c50 code [0x0000000002911d80, 0x0000000002911e38]
Event: 1.032 Thread 0x0000000014ce0800 nmethod 288% 0x0000000002918cd0 code [0x0000000002918e20, 0x0000000002919078]
Event: 1.033 Thread 0x0000000014ce7000  289       3       org.lwjgl.opengl.GLContext::getCapabilities (20 bytes)
Event: 1.033 Thread 0x0000000014ce7000 nmethod 289 0x00000000029184d0 code [0x0000000002918680, 0x0000000002918b18]
Event: 1.033 Thread 0x0000000014ce7000  290       3       org.lwjgl.opengl.GLContext::getCapabilitiesImpl (23 bytes)
Event: 1.034 Thread 0x0000000014ce7000 nmethod 290 0x0000000002917ed0 code [0x0000000002918060, 0x00000000029183a8]
Event: 1.046 Thread 0x0000000014ce7000  291       3       org.lwjgl.BufferChecks::checkFunctionAddress (23 bytes)
Event: 1.046 Thread 0x0000000014ce7000 nmethod 291 0x000000000291b910 code [0x000000000291ba80, 0x000000000291bce8]

GC Heap History (0 events):
No events

Deoptimization events (0 events):
No events

Internal exceptions (6 events):
Event: 0.041 Thread 0x0000000002671000 Exception <a 'java/lang/NoSuchMethodError': Method sun.misc.Unsafe.defineClass(Ljava/lang/String;[BII)Ljava/lang/Class; name or signature does not match> (0x00000000eb70d1a0) thrown at [C:\re\workspace\8-2-build-windows-amd64-cygwin\jdk8u60\4407\hotspot\srßíDÛT8•?
Event: 0.041 Thread 0x0000000002671000 Exception <a 'java/lang/NoSuchMethodError': Method sun.misc.Unsafe.prefetchRead(Ljava/lang/Object;J)V name or signature does not match> (0x00000000eb70d488) thrown at [C:\re\workspace\8-2-build-windows-amd64-cygwin\jdk8u60\4407\hotspot\src\share\vm\prims\j•Ê(4x›Ì?
Event: 0.933 Thread 0x0000000002671000 Exception <a 'java/security/PrivilegedActionException'> (0x00000000ebbebf48) thrown at [C:\re\workspace\8-2-build-windows-amd64-cygwin\jdk8u60\4407\hotspot\src\share\vm\prims\jvm.cpp, line 1386]
Event: 0.933 Thread 0x0000000002671000 Exception <a 'java/security/PrivilegedActionException'> (0x00000000ebbec340) thrown at [C:\re\workspace\8-2-build-windows-amd64-cygwin\jdk8u60\4407\hotspot\src\share\vm\prims\jvm.cpp, line 1386]
Event: 0.934 Thread 0x0000000002671000 Exception <a 'java/security/PrivilegedActionException'> (0x00000000ebbf0558) thrown at [C:\re\workspace\8-2-build-windows-amd64-cygwin\jdk8u60\4407\hotspot\src\share\vm\prims\jvm.cpp, line 1386]
Event: 0.934 Thread 0x0000000002671000 Exception <a 'java/security/PrivilegedActionException'> (0x00000000ebbf0950) thrown at [C:\re\workspace\8-2-build-windows-amd64-cygwin\jdk8u60\4407\hotspot\src\share\vm\prims\jvm.cpp, line 1386]

Events (10 events):
Event: 0.982 Thread 0x0000000002671000 DEOPT PACKING pc=0x0000000002910a9f sp=0x000000000266ec30
Event: 0.982 Thread 0x0000000002671000 DEOPT UNPACKING pc=0x00000000027b747f sp=0x000000000266e930 mode 0
Event: 0.983 Thread 0x0000000002671000 DEOPT PACKING pc=0x0000000002910a9f sp=0x000000000266ec30
Event: 0.983 Thread 0x0000000002671000 DEOPT UNPACKING pc=0x00000000027b747f sp=0x000000000266e930 mode 0
Event: 0.983 Thread 0x0000000002671000 DEOPT PACKING pc=0x0000000002910a9f sp=0x000000000266ec30
Event: 0.983 Thread 0x0000000002671000 DEOPT UNPACKING pc=0x00000000027b747f sp=0x000000000266e930 mode 0
Event: 1.032 loading class models/TexturedModel
Event: 1.032 loading class models/TexturedModel done
Event: 1.033 loading class org/lwjgl/opengl/GL13
Event: 1.033 loading class org/lwjgl/opengl/GL13 done


Dynamic libraries:
0x00007ff62e400000 - 0x00007ff62e437000 	C:\Program Files\Java\jdk1.8.0_60\bin\javaw.exe
0x00007ffef60a0000 - 0x00007ffef626f000 	C:\WINDOWS\SYSTEM32\ntdll.dll
0x00007ffef4510000 - 0x00007ffef45bb000 	C:\WINDOWS\System32\KERNEL32.DLL
0x00007ffef28e0000 - 0x00007ffef2afb000 	C:\WINDOWS\System32\KERNELBASE.dll
0x00007ffef5ff0000 - 0x00007ffef6090000 	C:\WINDOWS\System32\ADVAPI32.dll
0x00007ffef36a0000 - 0x00007ffef373e000 	C:\WINDOWS\System32\msvcrt.dll
0x00007ffef45c0000 - 0x00007ffef4618000 	C:\WINDOWS\System32\sechost.dll
0x00007ffef3f20000 - 0x00007ffef403d000 	C:\WINDOWS\System32\RPCRT4.dll
0x00007ffef4640000 - 0x00007ffef47a6000 	C:\WINDOWS\System32\USER32.dll
0x00007ffef28c0000 - 0x00007ffef28de000 	C:\WINDOWS\System32\win32u.dll
0x00007ffef3740000 - 0x00007ffef3771000 	C:\WINDOWS\System32\GDI32.dll
0x00007ffef2b00000 - 0x00007ffef2c86000 	C:\WINDOWS\System32\gdi32full.dll
0x00007ffee7b90000 - 0x00007ffee7dfc000 	C:\WINDOWS\WinSxS\amd64_microsoft.windows.common-controls_6595b64144ccf1df_6.0.14366.0_none_2d125246bdaebcca\COMCTL32.dll
0x00007ffef41a0000 - 0x00007ffef444b000 	C:\WINDOWS\System32\combase.dll
0x00007ffef26f0000 - 0x00007ffef27e4000 	C:\WINDOWS\System32\ucrtbase.dll
0x00007ffef2850000 - 0x00007ffef28b9000 	C:\WINDOWS\System32\bcryptPrimitives.dll
0x00007ffef48b0000 - 0x00007ffef48de000 	C:\WINDOWS\System32\IMM32.DLL
0x0000000056b80000 - 0x0000000056c52000 	C:\Program Files\Java\jdk1.8.0_60\jre\bin\msvcr100.dll
0x00000000562f0000 - 0x0000000056b79000 	C:\Program Files\Java\jdk1.8.0_60\jre\bin\server\jvm.dll
0x00007ffef6090000 - 0x00007ffef6097000 	C:\WINDOWS\System32\PSAPI.DLL
0x00007ffef09f0000 - 0x00007ffef09f9000 	C:\WINDOWS\SYSTEM32\WSOCK32.dll
0x00007ffef0440000 - 0x00007ffef0463000 	C:\WINDOWS\SYSTEM32\WINMM.dll
0x00007ffef3c70000 - 0x00007ffef3cdc000 	C:\WINDOWS\System32\WS2_32.dll
0x00007ffeed630000 - 0x00007ffeed63a000 	C:\WINDOWS\SYSTEM32\VERSION.dll
0x00007ffef03e0000 - 0x00007ffef040c000 	C:\WINDOWS\SYSTEM32\WINMMBASE.dll
0x00007ffef26a0000 - 0x00007ffef26e2000 	C:\WINDOWS\System32\cfgmgr32.dll
0x00000000562e0000 - 0x00000000562ef000 	C:\Program Files\Java\jdk1.8.0_60\jre\bin\verify.dll
0x00000000562b0000 - 0x00000000562d9000 	C:\Program Files\Java\jdk1.8.0_60\jre\bin\java.dll
0x0000000056290000 - 0x00000000562a6000 	C:\Program Files\Java\jdk1.8.0_60\jre\bin\zip.dll
0x00007ffef48e0000 - 0x00007ffef5dbd000 	C:\WINDOWS\System32\SHELL32.dll
0x00007ffef2f10000 - 0x00007ffef35e3000 	C:\WINDOWS\System32\windows.storage.dll
0x00007ffef2620000 - 0x00007ffef266c000 	C:\WINDOWS\System32\powrprof.dll
0x00007ffef3780000 - 0x00007ffef37d3000 	C:\WINDOWS\System32\shlwapi.dll
0x00007ffef2610000 - 0x00007ffef261f000 	C:\WINDOWS\System32\kernel.appcore.dll
0x00007ffef2c90000 - 0x00007ffef2d37000 	C:\WINDOWS\System32\shcore.dll
0x00007ffef2670000 - 0x00007ffef2684000 	C:\WINDOWS\System32\profapi.dll
0x0000000180000000 - 0x0000000180053000 	D:\Studies\BSCS\8th\FYP\Libraries and IDE\eclipse\JavaLIbraries\slick-util\lib\natives\natives-windows\lwjgl64.dll
0x00007ffeda2b0000 - 0x00007ffeda3d3000 	C:\WINDOWS\SYSTEM32\OPENGL32.dll
0x00007ffed9720000 - 0x00007ffed9817000 	C:\WINDOWS\SYSTEM32\DDRAW.dll
0x00007ffeedd70000 - 0x00007ffeedd9d000 	C:\WINDOWS\SYSTEM32\GLU32.dll
0x00007ffef06e0000 - 0x00007ffef06e8000 	C:\WINDOWS\SYSTEM32\DCIMAN32.dll
0x00007ffef0d60000 - 0x00007ffef0df5000 	C:\WINDOWS\system32\uxtheme.dll
0x00007ffef4040000 - 0x00007ffef419b000 	C:\WINDOWS\System32\MSCTF.dll
0x00007ffef4450000 - 0x00007ffef450e000 	C:\WINDOWS\System32\OLEAUT32.dll
0x00007ffef0070000 - 0x00007ffef0095000 	C:\WINDOWS\system32\dwmapi.dll
0x00007ffef00f0000 - 0x00007ffef00f9000 	C:\WINDOWS\SYSTEM32\atig6pxx.dll
0x0000000069030000 - 0x000000006a988000 	C:\WINDOWS\SYSTEM32\atio6axx.dll
0x00007ffef3840000 - 0x00007ffef3c68000 	C:\WINDOWS\System32\SETUPAPI.dll
0x00007ffeee6f0000 - 0x00007ffeee780000 	C:\WINDOWS\SYSTEM32\atiadlxx.dll
0x00007ffef3ce0000 - 0x00007ffef3e1b000 	C:\WINDOWS\System32\ole32.dll
0x00007ffef1dd0000 - 0x00007ffef1def000 	C:\WINDOWS\SYSTEM32\USERENV.dll
0x00007ffeefec0000 - 0x00007ffeefed3000 	C:\WINDOWS\SYSTEM32\WTSAPI32.dll
0x00007ffef13b0000 - 0x00007ffef13d8000 	C:\WINDOWS\SYSTEM32\DEVOBJ.dll
0x00007ffef27f0000 - 0x00007ffef2845000 	C:\WINDOWS\System32\WINTRUST.dll
0x00007ffef2690000 - 0x00007ffef26a0000 	C:\WINDOWS\System32\MSASN1.dll
0x00007ffef2d40000 - 0x00007ffef2f09000 	C:\WINDOWS\System32\CRYPT32.dll
0x00007ffeedff0000 - 0x00007ffeee0fe000 	C:\WINDOWS\SYSTEM32\aticfx64.dll
0x00007ffef00e0000 - 0x00007ffef00ee000 	C:\WINDOWS\SYSTEM32\atig6txx.dll
0x00007ffed7aa0000 - 0x00007ffed7b32000 	C:\WINDOWS\SYSTEM32\mscms.dll
0x00007ffed7a50000 - 0x00007ffed7a92000 	C:\WINDOWS\SYSTEM32\icm32.dll
0x00000000560f0000 - 0x0000000056288000 	C:\Program Files\Java\jdk1.8.0_60\jre\bin\awt.dll
0x00007ffef0a10000 - 0x00007ffef0a8a000 	C:\WINDOWS\SYSTEM32\apphelp.dll
0x00007ffee4740000 - 0x00007ffee48d2000 	C:\WINDOWS\SYSTEM32\dbghelp.dll

VM Arguments:
jvm_args: -Djava.library.path=D:\Studies\BSCS\8th\FYP\Libraries and IDE\eclipse\JavaLIbraries\slick-util\lib\natives\natives-windows -Dfile.encoding=Cp1252 
java_command: engineTester.MainGameLoop
java_class_path (initial): D:\Studies\BSCS\8th\FYP\Libraries and IDE\eclipse\WORKSPACES\TMGameEngine\1.GameEngine\bin;D:\Studies\BSCS\8th\FYP\Libraries and IDE\eclipse\JavaLIbraries\slick-util\lib\slick-util.jar;D:\Studies\BSCS\8th\FYP\Libraries and IDE\eclipse\JavaLIbraries\slick-util\lib\lwjgl.jar
Launcher Type: SUN_STANDARD

Environment Variables:
PATH=C:/Program Files/Java/jre1.8.0_60/bin/server;C:/Program Files/Java/jre1.8.0_60/bin;C:/Program Files/Java/jre1.8.0_60/lib/amd64;C:\ProgramData\Oracle\Java\javapath;C:\WINDOWS\system32;C:\WINDOWS;C:\WINDOWS\System32\Wbem;C:\WINDOWS\System32\WindowsPowerShell\v1.0\;C:\Program Files\Java\jdk1.8.0_60\bin;D:\Studies\android\android-sdk-windows\tools;C:\Android\sdk\tools;C:\Program Files\Git\cmd;C:\Program Files (x86)\Common Files\lenovo\easyplussdk\bin;C:\Program Files\Common Files\Autodesk Shared\;C:\Program Files (x86)\Autodesk\Backburner\;C:\Program Files (x86)\Windows Kits\8.1\Windows Performance Toolkit\;C:\Program Files\Microsoft SQL Server\110\Tools\Binn\;C:\Program Files (x86)\Microsoft SDKs\TypeScript\1.0\;C:\Program Files\Microsoft SQL Server\120\Tools\Binn\;C:\Users\Rafay Ameen\AppData\Local\Microsoft\WindowsApps;;D:\Studies\BSCS\8th\FYP\Libraries and IDE\eclipse\eclipse;
USERNAME=Rafay Ameen
OS=Windows_NT
PROCESSOR_IDENTIFIER=Intel64 Family 6 Model 37 Stepping 5, GenuineIntel



---------------  S Y S T E M  ---------------

OS: Windows 10.0 , 64 bit Build 14366 (10.0.14366.0)

CPU:total 4 (2 cores per cpu, 2 threads per core) family 6 model 37 stepping 5, cmov, cx8, fxsr, mmx, sse, sse2, sse3, ssse3, sse4.1, sse4.2, popcnt, aes, clmul, ht, tsc, tscinvbit

Memory: 4k page, physical 4046260k(1428436k free), swap 5304168k(1452484k free)

vm_info: Java HotSpot(TM) 64-Bit Server VM (25.60-b23) for windows-amd64 JRE (1.8.0_60-b27), built on Aug  4 2015 11:06:27 by "java_re" with MS VC++ 10.0 (VS2010)

time: Wed Sep 07 14:46:20 2016
elapsed time: 1 seconds (0d 0h 0m 1s)

